#
# A fatal error has been detected by the Java Runtime Environment:
#
#  EXCEPTION_ACCESS_VIOLATION (0xc0000005) at pc=0x000000005ee5583a, pid=8968, tid=16196
#
# JRE version: Java(TM) SE Runtime Environment (8.0_66-b18) (build 1.8.0_66-b18)
# Java VM: Java HotSpot(TM) 64-Bit Server VM (25.66-b18 mixed mode windows-amd64 compressed oops)
# Problematic frame:
# C  [glass.dll+0x2583a]
#
# Failed to write core dump. Minidumps are not enabled by default on client versions of Windows
#
# If you would like to submit a bug report, please visit:
#   http://bugreport.java.com/bugreport/crash.jsp
#

---------------  T H R E A D  ---------------

Current thread (0x00000000177f7800):  VMThread [stack: 0x00000000188b0000,0x00000000189b0000] [id=16196]

siginfo: ExceptionCode=0xc0000005, reading address 0x0000000000000000

Registers:
RAX=0x0000000000000000, RBX=0x000000001b7ef538, RCX=0x00000000177f7800, RDX=0x000000001b7ef538
RSP=0x00000000189af010, RBP=0x0000000000dd8300, RSI=0x0000000000000001, RDI=0x0000000000000000
R8 =0x0000000000010002, R9 =0x0000000000dd8300, R10=0x0000000000000000, R11=0x0000000000000286
R12=0x0000000000dd8330, R13=0x0000000000dd8300, R14=0x0000000000dd8310, R15=0x0000000000000000
RIP=0x000000005ee5583a, EFLAGS=0x0000000000010202

Top of Stack: (sp=0x00000000189af010)
0x00000000189af010:   0000000000000000 000000005ee558f0
0x00000000189af020:   0000000000000000 0000000000000000
0x00000000189af030:   000000005ee55820 000000005ee53214
0x00000000189af040:   000000005ee191a0 00000000f518541f
0x00000000189af050:   0000000000dd8300 00007ffafa142d6b
0x00000000189af060:   000000005ee53374 000000005ee30000
0x00000000189af070:   0000000002cb1628 000000005ee53496
0x00000000189af080:   0000000000000001 0000000017705400
0x00000000189af090:   0000000000000000 0000000000000000
0x00000000189af0a0:   c000000500000001 00000000189ae1c0
0x00000000189af0b0:   0000000000000001 00007ffafd1ac064
0x00000000189af0c0:   0000000000000000 000000005ee53374
0x00000000189af0d0:   000000005ee30000 00007ffafd1ad8ef
0x00000000189af0e0:   000044f5586de1a4 0000000000de50c0
0x00000000189af0f0:   00007ffaf8f41900 00007ffafd2c0d10
0x00000000189af100:   00007ffafd2c0d10 00007ff74b86c000 

Instructions: (pc=0x000000005ee5583a)
0x000000005ee5581a:   83 c4 20 5d c3 cc 40 53 48 83 ec 20 48 8b 1d db
0x000000005ee5582a:   5b 01 00 48 85 db 74 1a e8 29 93 ff ff 48 8b d3
0x000000005ee5583a:   4c 8b 00 48 8b c8 48 83 c4 20 5b 49 ff a0 b0 00
0x000000005ee5584a:   00 00 48 83 c4 20 5b c3 cc cc cc cc cc cc cc cc 


Register to memory mapping:

RAX=0x0000000000000000 is an unknown value
RBX=0x000000001b7ef538 is a global jni handle
RCX=0x00000000177f7800 is an unknown value
RDX=0x000000001b7ef538 is a global jni handle
RSP=0x00000000189af010 is an unknown value
RBP=0x0000000000dd8300 is an unknown value
RSI=0x0000000000000001 is an unknown value
RDI=0x0000000000000000 is an unknown value
R8 =0x0000000000010002 is an unknown value
R9 =0x0000000000dd8300 is an unknown value
R10=0x0000000000000000 is an unknown value
R11=0x0000000000000286 is an unknown value
R12=0x0000000000dd8330 is an unknown value
R13=0x0000000000dd8300 is an unknown value
R14=0x0000000000dd8310 is an unknown value
R15=0x0000000000000000 is an unknown value


Stack: [0x00000000188b0000,0x00000000189b0000],  sp=0x00000000189af010,  free space=1020k
Native frames: (J=compiled Java code, j=interpreted, Vv=VM code, C=native code)
C  [glass.dll+0x2583a]
C  [glass.dll+0x23214]
C  [glass.dll+0x23496]
C  [ntdll.dll+0x1c064]
C  [ntdll.dll+0x1b472]
C  [ntdll.dll+0x18498]
C  [KERNEL32.DLL+0x516a]
C  [msvcr100.dll+0x20ccd]
V  [jvm.dll+0x210cc5]
V  [jvm.dll+0x249897]
V  [jvm.dll+0x248b36]
V  [jvm.dll+0x248fd1]
V  [jvm.dll+0x2491ee]
V  [jvm.dll+0x29a0fa]
C  [msvcr100.dll+0x21d9f]
C  [msvcr100.dll+0x21e3b]
C  [KERNEL32.DLL+0x13d2]
C  [ntdll.dll+0x15454]

VM_Operation (0x0000000019ef8e80): Exit, mode: safepoint, requested by thread 0x0000000019599800


---------------  P R O C E S S  ---------------

Java Threads: ( => current thread )
  0x000000001bb8d000 JavaThread "Thread-4" [_thread_blocked, id=16076, stack(0x000000001c2a0000,0x000000001c3a0000)]
  0x000000001bb87000 JavaThread "Glass/Prism Shutdown Hook" [_thread_blocked, id=15604, stack(0x000000001c1a0000,0x000000001c2a0000)]
  0x000000001bb88800 JavaThread "Thread-6" [_thread_blocked, id=15600, stack(0x0000000023d20000,0x0000000023e20000)]
  0x000000001bb88000 JavaThread "Thread-5" [_thread_blocked, id=8220, stack(0x0000000023c20000,0x0000000023d20000)]
  0x000000001b769000 JavaThread "GC Daemon" daemon [_thread_blocked, id=6572, stack(0x0000000023b20000,0x0000000023c20000)]
  0x000000001b768000 JavaThread "RMI RenewClean-[114.212.43.116:65484]" daemon [_thread_blocked, id=13832, stack(0x0000000023410000,0x0000000023510000)]
  0x000000001b93b800 JavaThread "RMI Scheduler(0)" daemon [_thread_blocked, id=10232, stack(0x0000000022ee0000,0x0000000022fe0000)]
  0x000000001b92d800 JavaThread "Prism Font Disposer" daemon [_thread_blocked, id=10376, stack(0x0000000021330000,0x0000000021430000)]
  0x0000000019615800 JavaThread "JavaFX-Launcher" [_thread_blocked, id=11988, stack(0x000000001b100000,0x000000001b200000)]
  0x000000001b412800 JavaThread "Thread-2" daemon [_thread_in_native, id=10896, stack(0x0000000019f00000,0x000000001a000000)]
  0x0000000019599800 JavaThread "JavaFX Application Thread" [_thread_blocked, id=16224, stack(0x0000000019e00000,0x0000000019f00000)]
  0x000000001958b000 JavaThread "Thread-1" daemon [_thread_blocked, id=15052, stack(0x0000000019d00000,0x0000000019e00000)]
  0x0000000019565000 JavaThread "QuantumRenderer-0" daemon [_thread_blocked, id=14968, stack(0x0000000019a20000,0x0000000019b20000)]
  0x0000000019298000 JavaThread "Service Thread" daemon [_thread_blocked, id=7200, stack(0x0000000019820000,0x0000000019920000)]
  0x000000001922d000 JavaThread "C1 CompilerThread2" daemon [_thread_blocked, id=14344, stack(0x0000000019720000,0x0000000019820000)]
  0x0000000019222000 JavaThread "C2 CompilerThread1" daemon [_thread_blocked, id=15128, stack(0x0000000019620000,0x0000000019720000)]
  0x000000001788b000 JavaThread "C2 CompilerThread0" daemon [_thread_blocked, id=11064, stack(0x0000000019120000,0x0000000019220000)]
  0x000000001783e800 JavaThread "Attach Listener" daemon [_thread_blocked, id=8396, stack(0x0000000019020000,0x0000000019120000)]
  0x0000000017828800 JavaThread "Signal Dispatcher" daemon [_thread_blocked, id=6936, stack(0x0000000018f20000,0x0000000019020000)]
  0x0000000002c36800 JavaThread "Finalizer" daemon [_thread_blocked, id=10484, stack(0x0000000018ab0000,0x0000000018bb0000)]
  0x00000000177f9000 JavaThread "Reference Handler" daemon [_thread_blocked, id=2192, stack(0x00000000189b0000,0x0000000018ab0000)]
  0x0000000002b42800 JavaThread "main" [_thread_blocked, id=16372, stack(0x0000000002750000,0x0000000002850000)]

Other Threads:
=>0x00000000177f7800 VMThread [stack: 0x00000000188b0000,0x00000000189b0000] [id=16196]

VM state:at safepoint (shutting down)

VM Mutex/Monitor currently owned by a thread:  ([mutex/lock_event])
[0x0000000002cbc110] Threads_lock - owner thread: 0x00000000177f7800

Heap:
 PSYoungGen      total 38400K, used 31984K [0x00000000d5c00000, 0x00000000d8680000, 0x0000000100000000)
  eden space 33280K, 80% used [0x00000000d5c00000,0x00000000d763d618,0x00000000d7c80000)
  from space 5120K, 99% used [0x00000000d8180000,0x00000000d867ed58,0x00000000d8680000)
  to   space 5120K, 0% used [0x00000000d7c80000,0x00000000d7c80000,0x00000000d8180000)
 ParOldGen       total 87552K, used 14858K [0x0000000081400000, 0x0000000086980000, 0x00000000d5c00000)
  object space 87552K, 16% used [0x0000000081400000,0x00000000822828b0,0x0000000086980000)
 Metaspace       used 24558K, capacity 26220K, committed 26368K, reserved 1071104K
  class space    used 3468K, capacity 3813K, committed 3840K, reserved 1048576K

Card table byte_map: [0x0000000012080000,0x0000000012480000] byte_map_base: 0x0000000011c76000

Marking Bits: (ParMarkBitMap*) 0x000000005b08a5b0
 Begin Bits: [0x0000000012b30000, 0x0000000014ae0000)
 End Bits:   [0x0000000014ae0000, 0x0000000016a90000)

Polling page: 0x0000000000fd0000

CodeCache: size=245760Kb used=13752Kb max_used=13753Kb free=232007Kb
 bounds [0x0000000002cc0000, 0x0000000003a40000, 0x0000000011cc0000]
 total_blobs=4916 nmethods=4203 adapters=623
 compilation: enabled

Compilation events (10 events):
Event: 195.107 Thread 0x000000001922d000 nmethod 4635 0x0000000003a37b50 code [0x0000000003a37cc0, 0x0000000003a37e48]
Event: 195.107 Thread 0x000000001922d000 4636       3       java.util.Arrays::fill (28 bytes)
Event: 195.108 Thread 0x000000001922d000 nmethod 4636 0x0000000003a37ed0 code [0x0000000003a38060, 0x0000000003a383e8]
Event: 195.119 Thread 0x000000001922d000 4637       3       java.io.ObjectOutputStream::writeByte (9 bytes)
Event: 195.120 Thread 0x000000001922d000 nmethod 4637 0x0000000003a38590 code [0x0000000003a38700, 0x0000000003a389a8]
Event: 195.121 Thread 0x000000001922d000 4638       3       java.io.ObjectStreamClass::hasWriteReplaceMethod (17 bytes)
Event: 195.122 Thread 0x000000001922d000 nmethod 4638 0x0000000003a38b50 code [0x0000000003a38ce0, 0x0000000003a39008]
Event: 195.228 Thread 0x000000001922d000 4639       1       java.util.logging.LogManager::access$500 (5 bytes)
Event: 195.229 Thread 0x000000001922d000 nmethod 4639 0x0000000003a39150 code [0x0000000003a392a0, 0x0000000003a39390]
Event: 195.230 Thread 0x000000001922d000 4640   !   3       java.util.logging.LogManager::ensureLogManagerInitialized (128 bytes)

GC Heap History (10 events):
Event: 3.569 GC heap before
{Heap before GC invocations=1 (full 0):
 PSYoungGen      total 38400K, used 33280K [0x00000000d5c00000, 0x00000000d8680000, 0x0000000100000000)
  eden space 33280K, 100% used [0x00000000d5c00000,0x00000000d7c80000,0x00000000d7c80000)
  from space 5120K, 0% used [0x00000000d8180000,0x00000000d8180000,0x00000000d8680000)
  to   space 5120K, 0% used [0x00000000d7c80000,0x00000000d7c80000,0x00000000d8180000)
 ParOldGen       total 87552K, used 0K [0x0000000081400000, 0x0000000086980000, 0x00000000d5c00000)
  object space 87552K, 0% used [0x0000000081400000,0x0000000081400000,0x0000000086980000)
 Metaspace       used 13822K, capacity 14474K, committed 14720K, reserved 1062912K
  class space    used 1911K, capacity 2086K, committed 2176K, reserved 1048576K
Event: 3.591 GC heap after
Heap after GC invocations=1 (full 0):
 PSYoungGen      total 38400K, used 5098K [0x00000000d5c00000, 0x00000000d8680000, 0x0000000100000000)
  eden space 33280K, 0% used [0x00000000d5c00000,0x00000000d5c00000,0x00000000d7c80000)
  from space 5120K, 99% used [0x00000000d7c80000,0x00000000d817a850,0x00000000d8180000)
  to   space 5120K, 0% used [0x00000000d8180000,0x00000000d8180000,0x00000000d8680000)
 ParOldGen       total 87552K, used 1334K [0x0000000081400000, 0x0000000086980000, 0x00000000d5c00000)
  object space 87552K, 1% used [0x0000000081400000,0x000000008154d800,0x0000000086980000)
 Metaspace       used 13822K, capacity 14474K, committed 14720K, reserved 1062912K
  class space    used 1911K, capacity 2086K, committed 2176K, reserved 1048576K
}
Event: 10.237 GC heap before
{Heap before GC invocations=2 (full 0):
 PSYoungGen      total 38400K, used 23737K [0x00000000d5c00000, 0x00000000d8680000, 0x0000000100000000)
  eden space 33280K, 56% used [0x00000000d5c00000,0x00000000d6e33d80,0x00000000d7c80000)
  from space 5120K, 99% used [0x00000000d7c80000,0x00000000d817a850,0x00000000d8180000)
  to   space 5120K, 0% used [0x00000000d8180000,0x00000000d8180000,0x00000000d8680000)
 ParOldGen       total 87552K, used 1334K [0x0000000081400000, 0x0000000086980000, 0x00000000d5c00000)
  object space 87552K, 1% used [0x0000000081400000,0x000000008154d800,0x0000000086980000)
 Metaspace       used 19013K, capacity 20080K, committed 20224K, reserved 1067008K
  class space    used 2771K, capacity 3007K, committed 3072K, reserved 1048576K
Event: 10.264 GC heap after
Heap after GC invocations=2 (full 0):
 PSYoungGen      total 38400K, used 5116K [0x00000000d5c00000, 0x00000000d8680000, 0x0000000100000000)
  eden space 33280K, 0% used [0x00000000d5c00000,0x00000000d5c00000,0x00000000d7c80000)
  from space 5120K, 99% used [0x00000000d8180000,0x00000000d867f310,0x00000000d8680000)
  to   space 5120K, 0% used [0x00000000d7c80000,0x00000000d7c80000,0x00000000d8180000)
 ParOldGen       total 87552K, used 6739K [0x0000000081400000, 0x0000000086980000, 0x00000000d5c00000)
  object space 87552K, 7% used [0x0000000081400000,0x0000000081a94f40,0x0000000086980000)
 Metaspace       used 19013K, capacity 20080K, committed 20224K, reserved 1067008K
  class space    used 2771K, capacity 3007K, committed 3072K, reserved 1048576K
}
Event: 10.264 GC heap before
{Heap before GC invocations=3 (full 1):
 PSYoungGen      total 38400K, used 5116K [0x00000000d5c00000, 0x00000000d8680000, 0x0000000100000000)
  eden space 33280K, 0% used [0x00000000d5c00000,0x00000000d5c00000,0x00000000d7c80000)
  from space 5120K, 99% used [0x00000000d8180000,0x00000000d867f310,0x00000000d8680000)
  to   space 5120K, 0% used [0x00000000d7c80000,0x00000000d7c80000,0x00000000d8180000)
 ParOldGen       total 87552K, used 6739K [0x0000000081400000, 0x0000000086980000, 0x00000000d5c00000)
  object space 87552K, 7% used [0x0000000081400000,0x0000000081a94f40,0x0000000086980000)
 Metaspace       used 19013K, capacity 20080K, committed 20224K, reserved 1067008K
  class space    used 2771K, capacity 3007K, committed 3072K, reserved 1048576K
Event: 10.505 GC heap after
Heap after GC invocations=3 (full 1):
 PSYoungGen      total 38400K, used 0K [0x00000000d5c00000, 0x00000000d8680000, 0x0000000100000000)
  eden space 33280K, 0% used [0x00000000d5c00000,0x00000000d5c00000,0x00000000d7c80000)
  from space 5120K, 0% used [0x00000000d8180000,0x00000000d8180000,0x00000000d8680000)
  to   space 5120K, 0% used [0x00000000d7c80000,0x00000000d7c80000,0x00000000d8180000)
 ParOldGen       total 87552K, used 11512K [0x0000000081400000, 0x0000000086980000, 0x00000000d5c00000)
  object space 87552K, 13% used [0x0000000081400000,0x0000000081f3e1b8,0x0000000086980000)
 Metaspace       used 19013K, capacity 20080K, committed 20224K, reserved 1067008K
  class space    used 2771K, capacity 3007K, committed 3072K, reserved 1048576K
}
Event: 13.057 GC heap before
{Heap before GC invocations=4 (full 1):
 PSYoungGen      total 38400K, used 33280K [0x00000000d5c00000, 0x00000000d8680000, 0x0000000100000000)
  eden space 33280K, 100% used [0x00000000d5c00000,0x00000000d7c80000,0x00000000d7c80000)
  from space 5120K, 0% used [0x00000000d8180000,0x00000000d8180000,0x00000000d8680000)
  to   space 5120K, 0% used [0x00000000d7c80000,0x00000000d7c80000,0x00000000d8180000)
 ParOldGen       total 87552K, used 11512K [0x0000000081400000, 0x0000000086980000, 0x00000000d5c00000)
  object space 87552K, 13% used [0x0000000081400000,0x0000000081f3e1b8,0x0000000086980000)
 Metaspace       used 21587K, capacity 22890K, committed 23168K, reserved 1069056K
  class space    used 3127K, capacity 3422K, committed 3456K, reserved 1048576K
Event: 13.068 GC heap after
Heap after GC invocations=4 (full 1):
 PSYoungGen      total 38400K, used 1920K [0x00000000d5c00000, 0x00000000d8680000, 0x0000000100000000)
  eden space 33280K, 0% used [0x00000000d5c00000,0x00000000d5c00000,0x00000000d7c80000)
  from space 5120K, 37% used [0x00000000d7c80000,0x00000000d7e60000,0x00000000d8180000)
  to   space 5120K, 0% used [0x00000000d8180000,0x00000000d8180000,0x00000000d8680000)
 ParOldGen       total 87552K, used 11520K [0x0000000081400000, 0x0000000086980000, 0x00000000d5c00000)
  object space 87552K, 13% used [0x0000000081400000,0x0000000081f401b8,0x0000000086980000)
 Metaspace       used 21587K, capacity 22890K, committed 23168K, reserved 1069056K
  class space    used 3127K, capacity 3422K, committed 3456K, reserved 1048576K
}
Event: 21.047 GC heap before
{Heap before GC invocations=5 (full 1):
 PSYoungGen      total 38400K, used 35200K [0x00000000d5c00000, 0x00000000d8680000, 0x0000000100000000)
  eden space 33280K, 100% used [0x00000000d5c00000,0x00000000d7c80000,0x00000000d7c80000)
  from space 5120K, 37% used [0x00000000d7c80000,0x00000000d7e60000,0x00000000d8180000)
  to   space 5120K, 0% used [0x00000000d8180000,0x00000000d8180000,0x00000000d8680000)
 ParOldGen       total 87552K, used 11520K [0x0000000081400000, 0x0000000086980000, 0x00000000d5c00000)
  object space 87552K, 13% used [0x0000000081400000,0x0000000081f401b8,0x0000000086980000)
 Metaspace       used 23943K, capacity 25546K, committed 25856K, reserved 1071104K
  class space    used 3447K, capacity 3768K, committed 3840K, reserved 1048576K
Event: 21.072 GC heap after
Heap after GC invocations=5 (full 1):
 PSYoungGen      total 38400K, used 5115K [0x00000000d5c00000, 0x00000000d8680000, 0x0000000100000000)
  eden space 33280K, 0% used [0x00000000d5c00000,0x00000000d5c00000,0x00000000d7c80000)
  from space 5120K, 99% used [0x00000000d8180000,0x00000000d867ed58,0x00000000d8680000)
  to   space 5120K, 0% used [0x00000000d7c80000,0x00000000d7c80000,0x00000000d8180000)
 ParOldGen       total 87552K, used 14858K [0x0000000081400000, 0x0000000086980000, 0x00000000d5c00000)
  object space 87552K, 16% used [0x0000000081400000,0x00000000822828b0,0x0000000086980000)
 Metaspace       used 23943K, capacity 25546K, committed 25856K, reserved 1071104K
  class space    used 3447K, capacity 3768K, committed 3840K, reserved 1048576K
}

Deoptimization events (10 events):
Event: 19.326 Thread 0x0000000019599800 Uncommon trap: reason=bimorphic action=maybe_recompile pc=0x00000000036bb920 method=java.util.WeakHashMap.eq(Ljava/lang/Object;Ljava/lang/Object;)Z @ 7
Event: 19.355 Thread 0x0000000019599800 Uncommon trap: reason=bimorphic action=maybe_recompile pc=0x00000000036bb920 method=java.util.WeakHashMap.eq(Ljava/lang/Object;Ljava/lang/Object;)Z @ 7
Event: 20.299 Thread 0x0000000019599800 Uncommon trap: reason=bimorphic action=maybe_recompile pc=0x00000000036bb920 method=java.util.WeakHashMap.eq(Ljava/lang/Object;Ljava/lang/Object;)Z @ 7
Event: 23.047 Thread 0x0000000019599800 Uncommon trap: reason=unstable_if action=reinterpret pc=0x0000000002e666b0 method=javafx.scene.Node.impl_intersectsBounds(Lcom/sun/javafx/geom/PickRay;)D @ 902
Event: 23.737 Thread 0x0000000019599800 Uncommon trap: reason=unstable_if action=reinterpret pc=0x00000000037ac698 method=com.sun.javafx.css.StyleManager$CacheContainer.getStyleMap(I)Lcom/sun/javafx/css/StyleMap; @ 22
Event: 23.737 Thread 0x0000000019599800 Uncommon trap: reason=unstable_if action=reinterpret pc=0x00000000036bd4d4 method=com.sun.javafx.css.StyleManager$CacheContainer.getStyleMap(I)Lcom/sun/javafx/css/StyleMap; @ 22
Event: 23.763 Thread 0x0000000019599800 Uncommon trap: reason=bimorphic action=maybe_recompile pc=0x00000000036bb920 method=java.util.WeakHashMap.eq(Ljava/lang/Object;Ljava/lang/Object;)Z @ 7
Event: 23.773 Thread 0x0000000019599800 Uncommon trap: reason=unstable_if action=reinterpret pc=0x00000000037bbcf4 method=javafx.scene.Node.updateBounds()V @ 47
Event: 153.281 Thread 0x0000000019599800 Uncommon trap: reason=unstable_if action=reinterpret pc=0x00000000032bd21c method=com.sun.scenario.animation.shared.InfiniteClipEnvelope.timePulse(J)V @ 63
Event: 195.186 Thread 0x000000001bb87000 Uncommon trap: reason=unstable_if action=reinterpret pc=0x000000000394de80 method=java.util.concurrent.locks.ReentrantLock$Sync.tryRelease(I)Z @ 28

Internal exceptions (10 events):
Event: 13.625 Thread 0x0000000019599800 Exception <a 'java/lang/NoSuchMethodError': <clinit>> (0x00000000d6957660) thrown at [C:\re\workspace\8-2-build-windows-amd64-cygwin\jdk8u66\5298\hotspot\src\share\vm\prims\jni.cpp, line 1591]
Event: 14.272 Thread 0x0000000019599800 Exception <a 'java/lang/NoSuchMethodError': <clinit>> (0x00000000d696a058) thrown at [C:\re\workspace\8-2-build-windows-amd64-cygwin\jdk8u66\5298\hotspot\src\share\vm\prims\jni.cpp, line 1591]
Event: 14.276 Thread 0x0000000019599800 Exception <a 'java/io/FileNotFoundException'> (0x00000000d6971950) thrown at [C:\re\workspace\8-2-build-windows-amd64-cygwin\jdk8u66\5298\hotspot\src\share\vm\prims\jni.cpp, line 709]
Event: 14.332 Thread 0x0000000019599800 Exception <a 'java/io/FileNotFoundException'> (0x00000000d69e5bf8) thrown at [C:\re\workspace\8-2-build-windows-amd64-cygwin\jdk8u66\5298\hotspot\src\share\vm\prims\jni.cpp, line 709]
Event: 17.433 Thread 0x0000000019599800 Exception <a 'java/io/FileNotFoundException'> (0x00000000d6d5c8c8) thrown at [C:\re\workspace\8-2-build-windows-amd64-cygwin\jdk8u66\5298\hotspot\src\share\vm\prims\jni.cpp, line 709]
Event: 17.732 Thread 0x0000000019599800 Implicit null exception at 0x0000000003175795 to 0x0000000003175e69
Event: 19.125 Thread 0x0000000019599800 Exception <a 'java/io/FileNotFoundException'> (0x00000000d78b91e0) thrown at [C:\re\workspace\8-2-build-windows-amd64-cygwin\jdk8u66\5298\hotspot\src\share\vm\prims\jni.cpp, line 709]
Event: 119.056 Thread 0x0000000019599800 Exception <a 'java/io/FileNotFoundException'> (0x00000000d6889048) thrown at [C:\re\workspace\8-2-build-windows-amd64-cygwin\jdk8u66\5298\hotspot\src\share\vm\prims\jni.cpp, line 709]
Event: 124.207 Thread 0x0000000019599800 Exception <a 'java/io/FileNotFoundException'> (0x00000000d6e5fcf8) thrown at [C:\re\workspace\8-2-build-windows-amd64-cygwin\jdk8u66\5298\hotspot\src\share\vm\prims\jni.cpp, line 709]
Event: 195.230 Thread 0x000000001bb87000 Exception <a 'java/lang/IllegalStateException'> (0x00000000d7601068) thrown at [C:\re\workspace\8-2-build-windows-amd64-cygwin\jdk8u66\5298\hotspot\src\share\vm\prims\jvm.cpp, line 1390]

Events (10 events):
Event: 195.185 Executing VM operation: RevokeBias done
Event: 195.186 Thread 0x000000001bb87000 Uncommon trap: trap_request=0xffffff65 fr.pc=0x000000000394de80
Event: 195.186 Thread 0x000000001bb87000 DEOPT PACKING pc=0x000000000394de80 sp=0x000000001c29e810
Event: 195.186 Thread 0x000000001bb87000 DEOPT UNPACKING pc=0x0000000002d0582a sp=0x000000001c29e798 mode 2
Event: 195.187 loading class com/sun/javafx/tk/quantum/QuantumToolkit
Event: 195.187 loading class com/sun/javafx/tk/quantum/QuantumToolkit done
Event: 195.190 Executing VM operation: RevokeBias
Event: 195.228 Executing VM operation: RevokeBias done
Event: 195.229 Thread 0x000000001922d000 flushing nmethod 0x0000000002dd7510
Event: 195.231 Executing VM operation: Exit


Dynamic libraries:
0x00007ff74c710000 - 0x00007ff74c747000 	C:\Program Files\Java\jdk1.8.0_66\bin\javaw.exe
0x00007ffafd190000 - 0x00007ffafd33c000 	C:\windows\SYSTEM32\ntdll.dll
0x00007ffafcdd0000 - 0x00007ffafcf0e000 	C:\windows\system32\KERNEL32.DLL
0x00007ffafa640000 - 0x00007ffafa755000 	C:\windows\system32\KERNELBASE.dll
0x00007ffaf8e60000 - 0x00007ffaf8eee000 	C:\windows\system32\apphelp.dll
0x00007ffae4b60000 - 0x00007ffae4bb3000 	C:\windows\AppPatch\AppPatch64\AcGenral.DLL
0x00007ffafc560000 - 0x00007ffafc60a000 	C:\windows\system32\msvcrt.dll
0x00007ffafa110000 - 0x00007ffafa13e000 	C:\windows\SYSTEM32\SspiCli.dll
0x00007ffafd130000 - 0x00007ffafd184000 	C:\windows\system32\SHLWAPI.dll
0x00007ffafca90000 - 0x00007ffafcc07000 	C:\windows\system32\USER32.dll
0x00007ffafc140000 - 0x00007ffafc2d4000 	C:\windows\system32\ole32.dll
0x00007ffafa8d0000 - 0x00007ffafbdfb000 	C:\windows\system32\SHELL32.dll
0x00007ffaf9840000 - 0x00007ffaf9861000 	C:\windows\SYSTEM32\USERENV.dll
0x00007ffafc2e0000 - 0x00007ffafc38a000 	C:\windows\system32\ADVAPI32.dll
0x00007ffae8810000 - 0x00007ffae882e000 	C:\windows\SYSTEM32\MPR.dll
0x00007ffafcc20000 - 0x00007ffafcd61000 	C:\windows\system32\RPCRT4.dll
0x00007ffafc610000 - 0x00007ffafc669000 	C:\windows\SYSTEM32\sechost.dll
0x00007ffafcf10000 - 0x00007ffafd121000 	C:\windows\SYSTEM32\combase.dll
0x00007ffafbff0000 - 0x00007ffafc13f000 	C:\windows\system32\GDI32.dll
0x00007ffafa2e0000 - 0x00007ffafa2f5000 	C:\windows\SYSTEM32\profapi.dll
0x00007ffaf8ac0000 - 0x00007ffaf8b72000 	C:\windows\SYSTEM32\SHCORE.dll
0x00007ffafc390000 - 0x00007ffafc3c6000 	C:\windows\system32\IMM32.DLL
0x00007ffafc890000 - 0x00007ffafc9e2000 	C:\windows\system32\MSCTF.dll
0x00007ffaf83b0000 - 0x00007ffaf862b000 	C:\windows\WinSxS\amd64_microsoft.windows.common-controls_6595b64144ccf1df_6.0.9600.18006_none_623f33d3ecbe86e8\COMCTL32.dll
0x000000005ef10000 - 0x000000005efe2000 	C:\Program Files\Java\jdk1.8.0_66\jre\bin\msvcr100.dll
0x000000005a880000 - 0x000000005b109000 	C:\Program Files\Java\jdk1.8.0_66\jre\bin\server\jvm.dll
0x00007ffaf0640000 - 0x00007ffaf0649000 	C:\windows\SYSTEM32\WSOCK32.dll
0x00007ffaf7c50000 - 0x00007ffaf7c72000 	C:\windows\SYSTEM32\WINMM.dll
0x00007ffaf7cf0000 - 0x00007ffaf7cfa000 	C:\windows\SYSTEM32\VERSION.dll
0x00007ffafcc10000 - 0x00007ffafcc17000 	C:\windows\system32\PSAPI.DLL
0x00007ffafcd70000 - 0x00007ffafcdca000 	C:\windows\system32\WS2_32.dll
0x00007ffaf7c10000 - 0x00007ffaf7c3a000 	C:\windows\SYSTEM32\WINMMBASE.dll
0x00007ffafc670000 - 0x00007ffafc679000 	C:\windows\system32\NSI.dll
0x00007ffafa3b0000 - 0x00007ffafa3ff000 	C:\windows\SYSTEM32\cfgmgr32.dll
0x00007ffaf9100000 - 0x00007ffaf9128000 	C:\windows\SYSTEM32\DEVOBJ.dll
0x000000005ef00000 - 0x000000005ef0f000 	C:\Program Files\Java\jdk1.8.0_66\jre\bin\verify.dll
0x000000005eed0000 - 0x000000005eef9000 	C:\Program Files\Java\jdk1.8.0_66\jre\bin\java.dll
0x000000005eeb0000 - 0x000000005eec6000 	C:\Program Files\Java\jdk1.8.0_66\jre\bin\zip.dll
0x00007ffae4a70000 - 0x00007ffae4b5f000 	C:\Program Files\Java\jdk1.8.0_66\jre\bin\msvcr120.dll
0x00007ffae3cc0000 - 0x00007ffae3d66000 	C:\Program Files\Java\jdk1.8.0_66\jre\bin\msvcp120.dll
0x000000005ee80000 - 0x000000005eea3000 	C:\Program Files\Java\jdk1.8.0_66\jre\bin\prism_d3d.dll
0x00007ffae7b50000 - 0x00007ffae7d71000 	C:\windows\system32\d3d9.dll
0x00007ffaf8690000 - 0x00007ffaf86b1000 	C:\windows\SYSTEM32\dwmapi.dll
0x00007ffaf8f60000 - 0x00007ffaf9089000 	C:\windows\system32\uxtheme.dll
0x000000005ee30000 - 0x000000005ee73000 	C:\Program Files\Java\jdk1.8.0_66\jre\bin\glass.dll
0x00007ffafa810000 - 0x00007ffafa8c6000 	C:\windows\system32\COMDLG32.dll
0x00007ffafc3d0000 - 0x00007ffafc491000 	C:\windows\system32\OLEAUT32.dll
0x00007ffaf8f40000 - 0x00007ffaf8f4b000 	C:\windows\SYSTEM32\kernel.appcore.dll
0x00007ffafa1b0000 - 0x00007ffafa1bb000 	C:\windows\SYSTEM32\CRYPTBASE.dll
0x00007ffafa140000 - 0x00007ffafa1a3000 	C:\windows\SYSTEM32\bcryptPrimitives.dll
0x000000005ee10000 - 0x000000005ee24000 	C:\Program Files\Java\jdk1.8.0_66\jre\bin\javafx_font.dll
0x00007ffaf6100000 - 0x00007ffaf62ec000 	C:\windows\SYSTEM32\dwrite.dll
0x00007ffafc4a0000 - 0x00007ffafc556000 	C:\windows\SYSTEM32\clbcatq.dll
0x00007ffaf7740000 - 0x00007ffaf78ee000 	C:\windows\SYSTEM32\WindowsCodecs.dll
0x00007ffaf9b10000 - 0x00007ffaf9b30000 	C:\windows\SYSTEM32\CRYPTSP.dll
0x00007ffaf9730000 - 0x00007ffaf9766000 	C:\windows\system32\rsaenh.dll
0x00007ffaf9e00000 - 0x00007ffaf9e26000 	C:\windows\SYSTEM32\bcrypt.dll
0x00007ffae8f20000 - 0x00007ffae8f4e000 	C:\Program Files\Common Files\Microsoft Shared\Ink\rtscom.dll
0x000000005edf0000 - 0x000000005ee01000 	C:\Program Files\Java\jdk1.8.0_66\jre\bin\prism_common.dll
0x000000005edd0000 - 0x000000005edea000 	C:\Program Files\Java\jdk1.8.0_66\jre\bin\net.dll
0x00007ffaf9ab0000 - 0x00007ffaf9b09000 	C:\windows\system32\mswsock.dll
0x00007ffaf5870000 - 0x00007ffaf589a000 	C:\windows\SYSTEM32\IPHLPAPI.DLL
0x00007ffaf58c0000 - 0x00007ffaf58ca000 	C:\windows\SYSTEM32\WINNSI.DLL
0x00007ffaf57e0000 - 0x00007ffaf57f6000 	C:\windows\SYSTEM32\dhcpcsvc6.DLL
0x00007ffaf4100000 - 0x00007ffaf411a000 	C:\windows\SYSTEM32\dhcpcsvc.DLL
0x000000005edb0000 - 0x000000005edc1000 	C:\Program Files\Java\jdk1.8.0_66\jre\bin\nio.dll
0x00007ffaead10000 - 0x00007ffaead25000 	C:\windows\system32\napinsp.dll
0x00007ffaead30000 - 0x00007ffaead4a000 	C:\windows\system32\pnrpnsp.dll
0x00007ffaf78f0000 - 0x00007ffaf790b000 	C:\windows\system32\NLAapi.dll
0x00007ffaf98b0000 - 0x00007ffaf9954000 	C:\windows\SYSTEM32\DNSAPI.dll
0x00007ffaead50000 - 0x00007ffaead5d000 	C:\windows\System32\winrnr.dll
0x00007ffaead60000 - 0x00007ffaead74000 	C:\windows\system32\wshbth.dll
0x00007ffaeb720000 - 0x00007ffaeb72a000 	C:\Windows\System32\rasadhlp.dll
0x00007ffaf42d0000 - 0x00007ffaf433b000 	C:\windows\System32\fwpuclnt.dll
0x00007ffaf53b0000 - 0x00007ffaf5539000 	C:\windows\SYSTEM32\dbghelp.dll

VM Arguments:
jvm_args: -Dfile.encoding=UTF-8 
java_command: main.Main
java_class_path (initial): C:\Users\Charles_M\Documents\GitHub\WjcIsADag\project\DeliverySystem\Client\target\classes;C:\Users\Charles_M\Documents\GitHub\WjcIsADag\project\DeliverySystem\Connection\target\classes;C:\Users\Charles_M\.m2\repository\org\apache\poi\poi-ooxml\3.13\poi-ooxml-3.13.jar;C:\Users\Charles_M\.m2\repository\org\apache\poi\poi\3.13\poi-3.13.jar;C:\Users\Charles_M\.m2\repository\commons-codec\commons-codec\1.9\commons-codec-1.9.jar;C:\Users\Charles_M\.m2\repository\org\apache\poi\poi-ooxml-schemas\3.13\poi-ooxml-schemas-3.13.jar;C:\Users\Charles_M\.m2\repository\org\apache\xmlbeans\xmlbeans\2.6.0\xmlbeans-2.6.0.jar;C:\Users\Charles_M\.m2\repository\stax\stax-api\1.0.1\stax-api-1.0.1.jar
Launcher Type: SUN_STANDARD

Environment Variables:
JAVA_HOME=C:\Program Files\Java\jdk1.7.0_75
CLASSPATH=¡°.;C:\Program Files\Java\jdk1.7.0_75\lib\dt.jar;C:\Program Files\Java\jdk1.7.0_75\lib\tools.jar;
PATH=C:/Program Files/Java/jre1.8.0_66/bin/server;C:/Program Files/Java/jre1.8.0_66/bin;C:/Program Files/Java/jre1.8.0_66/lib/amd64;C:\ProgramData\Oracle\Java\javapath;C:\MinGW\MinGW\bin;C:\Program Files (x86)\Windows Kits\8.1\Windows Performance Toolkit\;C:\Program Files\Microsoft SQL Server\110\Tools\Binn\;C:\Program Files (x86)\Microsoft SDKs\TypeScript\1.0\;C:\Program Files\Java\jdk1.7.0_75\bin;C:\Program Files\Java\jdk1.7.0_75\jre\bin;c:\Program Files (x86)\Common Files\Ulead Systems\MPEG;D:\bin\apache-maven-3.3.3\bin;C:\MinGW\bin;;E:\eclipse-java-luna-SR1a-win32-x86_64\eclipse;
USERNAME=Charles_M
OS=Windows_NT
PROCESSOR_IDENTIFIER=Intel64 Family 6 Model 69 Stepping 1, GenuineIntel



---------------  S Y S T E M  ---------------

OS: Windows 8.1 , 64 bit Build 9600 (6.3.9600.17415)

CPU:total 4 (2 cores per cpu, 2 threads per core) family 6 model 69 stepping 1, cmov, cx8, fxsr, mmx, sse, sse2, sse3, ssse3, sse4.1, sse4.2, popcnt, avx, avx2, aes, clmul, erms, lzcnt, ht, tsc, tscinvbit, bmi1, bmi2

Memory: 4k page, physical 8301060k(2898872k free), swap 26112808k(12745292k free)

vm_info: Java HotSpot(TM) 64-Bit Server VM (25.66-b18) for windows-amd64 JRE (1.8.0_66-b18), built on Nov  9 2015 10:51:13 by "java_re" with MS VC++ 10.0 (VS2010)

time: Sun Jan 03 16:27:20 2016
elapsed time: 196 seconds (0d 0h 3m 16s)

