#
# A fatal error has been detected by the Java Runtime Environment:
#
#  EXCEPTION_ACCESS_VIOLATION (0xc0000005) at pc=0x0000000069093d1a, pid=14796, tid=22232
#
# JRE version: Java(TM) SE Runtime Environment (8.0_31-b13) (build 1.8.0_31-b13)
# Java VM: Java HotSpot(TM) 64-Bit Server VM (25.31-b07 mixed mode windows-amd64 compressed oops)
# Problematic frame:
# C  [glass.dll+0x23d1a]
#
# Failed to write core dump. Minidumps are not enabled by default on client versions of Windows
#
# If you would like to submit a bug report, please visit:
#   http://bugreport.java.com/bugreport/crash.jsp
#

---------------  T H R E A D  ---------------

Current thread (0x0000000015f99000):  VMThread [stack: 0x0000000017ca0000,0x0000000017da0000] [id=22232]

siginfo: ExceptionCode=0xc0000005, reading address 0x0000000000000000

Registers:
RAX=0x0000000000000000, RBX=0x00000000191b9530, RCX=0x0000000015f99000, RDX=0x00000000191b9530
RSP=0x0000000017d9ee90, RBP=0x00000000180b9900, RSI=0x0000000000000001, RDI=0x0000000000000000
R8 =0x0000000000010002, R9 =0x00000000180b9900, R10=0x0000000000000000, R11=0x0000000000000286
R12=0x00000000180b98f0, R13=0x0000000000000000, R14=0x00000000180b9920, R15=0x00000000180b98f0
RIP=0x0000000069093d1a, EFLAGS=0x0000000000010206

Top of Stack: (sp=0x0000000017d9ee90)
0x0000000017d9ee90:   0000000000000000 0000000069093e50
0x0000000017d9eea0:   0000000000000000 0000000000000000
0x0000000017d9eeb0:   0000000069093d00 00000000690915e3
0x0000000017d9eec0:   0000000000000001 000000003928b57c
0x0000000017d9eed0:   00000000180b9918 0000000000000001
0x0000000017d9eee0:   0000000069091884 0000000000000001
0x0000000017d9eef0:   00000000007b1628 000000006909182d
0x0000000017d9ef00:   0000000000000001 0000000015e257d0
0x0000000017d9ef10:   0000000000000000 0000000069070000
0x0000000017d9ef20:   c000000500000001 0000000017d9e040
0x0000000017d9ef30:   0000000000000000 00007ffbe009c064
0x0000000017d9ef40:   0000000000000000 0000000069091884
0x0000000017d9ef50:   0000000069070000 00007ffbe009d8ef
0x0000000017d9ef60:   00002f9c740326b8 0000000000685400
0x0000000017d9ef70:   00007ffbc7e3be00 00007ffbe01b0d10
0x0000000017d9ef80:   00007ffbe01b0d10 00007ff71fa06000 

Instructions: (pc=0x0000000069093d1a)
0x0000000069093cfa:   ff ff cc cc cc cc 40 53 48 83 ec 20 48 8b 1d 33
0x0000000069093d0a:   67 01 00 48 85 db 74 15 e8 09 97 ff ff 48 8b d3
0x0000000069093d1a:   4c 8b 00 48 8b c8 41 ff 90 b0 00 00 00 48 83 c4
0x0000000069093d2a:   20 5b c3 cc cc cc 40 53 48 83 ec 20 48 8b 1d ab 


Register to memory mapping:

RAX=0x0000000000000000 is an unknown value
RBX=0x00000000191b9530 is a global jni handle
RCX=0x0000000015f99000 is an unknown value
RDX=0x00000000191b9530 is a global jni handle
RSP=0x0000000017d9ee90 is an unknown value
RBP=0x00000000180b9900 is an unknown value
RSI=0x0000000000000001 is an unknown value
RDI=0x0000000000000000 is an unknown value
R8 =0x0000000000010002 is an unknown value
R9 =0x00000000180b9900 is an unknown value
R10=0x0000000000000000 is an unknown value
R11=0x0000000000000286 is an unknown value
R12=0x00000000180b98f0 is an unknown value
R13=0x0000000000000000 is an unknown value
R14=0x00000000180b9920 is an unknown value
R15=0x00000000180b98f0 is an unknown value


Stack: [0x0000000017ca0000,0x0000000017da0000],  sp=0x0000000017d9ee90,  free space=1019k
Native frames: (J=compiled Java code, j=interpreted, Vv=VM code, C=native code)
C  [glass.dll+0x23d1a]
C  [glass.dll+0x215e3]
C  [glass.dll+0x2182d]
C  [ntdll.dll+0x1c064]
C  [ntdll.dll+0x1b472]
C  [ntdll.dll+0x18498]
C  [KERNEL32.DLL+0x516a]
C  [msvcr100.dll+0x20ccd]
V  [jvm.dll+0x1fa1c5]
V  [jvm.dll+0x232997]
V  [jvm.dll+0x231bd6]
V  [jvm.dll+0x232071]
V  [jvm.dll+0x23228e]
V  [jvm.dll+0x28576a]
C  [msvcr100.dll+0x21d9f]
C  [msvcr100.dll+0x21e3b]
C  [KERNEL32.DLL+0x13d2]
C  [ntdll.dll+0x15454]

VM_Operation (0x000000001985a510): Exit, mode: safepoint, requested by thread 0x0000000018eb8800


---------------  P R O C E S S  ---------------

Java Threads: ( => current thread )
  0x00000000210b3800 JavaThread "Thread-7" [_thread_blocked, id=17412, stack(0x000000001aee0000,0x000000001afe0000)]
  0x00000000210b2800 JavaThread "Thread-6" [_thread_blocked, id=19236, stack(0x00000000234e0000,0x00000000235e0000)]
  0x0000000020d28000 JavaThread "Thread-5" [_thread_blocked, id=18368, stack(0x0000000022410000,0x0000000022510000)]
  0x00000000193c5800 JavaThread "GC Daemon" daemon [_thread_blocked, id=13076, stack(0x0000000022310000,0x0000000022410000)]
  0x0000000019458800 JavaThread "RMI RenewClean-[192.168.253.1:10180]" daemon [_thread_blocked, id=20124, stack(0x0000000022210000,0x0000000022310000)]
  0x0000000019457800 JavaThread "RMI Scheduler(0)" daemon [_thread_blocked, id=11932, stack(0x0000000022110000,0x0000000022210000)]
  0x000000001910e800 JavaThread "Prism Font Disposer" daemon [_thread_blocked, id=22292, stack(0x0000000020120000,0x0000000020220000)]
  0x0000000018eb4800 JavaThread "Thread-3" daemon [_thread_in_native, id=19408, stack(0x000000001b0e0000,0x000000001b1e0000)]
  0x0000000018ea6800 JavaThread "JavaFX-Launcher" [_thread_blocked, id=18168, stack(0x000000001b1e0000,0x000000001b2e0000)]
  0x0000000018eb8800 JavaThread "JavaFX Application Thread" [_thread_blocked, id=19624, stack(0x0000000019760000,0x0000000019860000)]
  0x0000000018eb6000 JavaThread "Thread-1" daemon [_thread_blocked, id=20984, stack(0x0000000019660000,0x0000000019760000)]
  0x0000000018381000 JavaThread "QuantumRenderer-0" daemon [_thread_blocked, id=17556, stack(0x0000000018ba0000,0x0000000018ca0000)]
  0x00000000180bd000 JavaThread "Service Thread" daemon [_thread_blocked, id=19400, stack(0x00000000189a0000,0x0000000018aa0000)]
  0x0000000018038000 JavaThread "C1 CompilerThread3" daemon [_thread_blocked, id=12980, stack(0x00000000188a0000,0x00000000189a0000)]
  0x0000000018032000 JavaThread "C2 CompilerThread2" daemon [_thread_blocked, id=21268, stack(0x00000000187a0000,0x00000000188a0000)]
  0x0000000018027800 JavaThread "C2 CompilerThread1" daemon [_thread_blocked, id=21100, stack(0x00000000186a0000,0x00000000187a0000)]
  0x0000000018025800 JavaThread "C2 CompilerThread0" daemon [_thread_blocked, id=23068, stack(0x00000000185a0000,0x00000000186a0000)]
  0x0000000018022800 JavaThread "Attach Listener" daemon [_thread_blocked, id=23008, stack(0x00000000184a0000,0x00000000185a0000)]
  0x0000000017fd8800 JavaThread "Signal Dispatcher" daemon [_thread_blocked, id=22020, stack(0x00000000183a0000,0x00000000184a0000)]
  0x00000000024a6000 JavaThread "Finalizer" daemon [_thread_blocked, id=16208, stack(0x0000000017ea0000,0x0000000017fa0000)]
  0x000000000249f000 JavaThread "Reference Handler" daemon [_thread_blocked, id=22280, stack(0x0000000017da0000,0x0000000017ea0000)]
  0x00000000007bd800 JavaThread "main" [_thread_blocked, id=15128, stack(0x00000000022b0000,0x00000000023b0000)]

Other Threads:
=>0x0000000015f99000 VMThread [stack: 0x0000000017ca0000,0x0000000017da0000] [id=22232]

VM state:at safepoint (shutting down)

VM Mutex/Monitor currently owned by a thread:  ([mutex/lock_event])
[0x00000000007bca10] Threads_lock - owner thread: 0x0000000015f99000

Heap:
 PSYoungGen      total 16896K, used 16825K [0x00000000e1a00000, 0x00000000e4d00000, 0x0000000100000000)
  eden space 13312K, 99% used [0x00000000e1a00000,0x00000000e26ee578,0x00000000e2700000)
  from space 3584K, 99% used [0x00000000e3500000,0x00000000e387ff70,0x00000000e3880000)
  to   space 14336K, 0% used [0x00000000e2700000,0x00000000e2700000,0x00000000e3500000)
 ParOldGen       total 62976K, used 19875K [0x00000000a4e00000, 0x00000000a8b80000, 0x00000000e1a00000)
  object space 62976K, 31% used [0x00000000a4e00000,0x00000000a6168ed8,0x00000000a8b80000)
 Metaspace       used 24155K, capacity 25804K, committed 26112K, reserved 1071104K
  class space    used 3486K, capacity 3781K, committed 3840K, reserved 1048576K

Card table byte_map: [0x0000000011870000,0x0000000011b50000] byte_map_base: 0x0000000011349000

Marking Bits: (ParMarkBitMap*) 0x0000000069a4d4f0
 Begin Bits: [0x0000000012540000, 0x0000000013c08000)
 End Bits:   [0x0000000013c08000, 0x00000000152d0000)

Polling page: 0x00000000007c0000

CodeCache: size=245760Kb used=13725Kb max_used=14272Kb free=232034Kb
 bounds [0x00000000024b0000, 0x00000000032d0000, 0x00000000114b0000]
 total_blobs=4873 nmethods=4166 adapters=619
 compilation: enabled

Compilation events (10 events):
Event: 319.533 Thread 0x0000000018038000 4702  s!   3       java.io.FileDescriptor::closeAll (215 bytes)
Event: 319.533 Thread 0x0000000018038000 nmethod 4702 0x0000000002a12890 code [0x0000000002a12b00, 0x0000000002a13db8]
Event: 319.543 Thread 0x0000000018038000 4703   !   3       java.util.ArrayList$Itr::remove (68 bytes)
Event: 319.543 Thread 0x0000000018032000 4704       4       java.util.ArrayList$Itr::checkForComodification (23 bytes)
Event: 319.543 Thread 0x0000000018038000 nmethod 4703 0x00000000027e8e90 code [0x00000000027e9040, 0x00000000027e95f8]
Event: 319.543 Thread 0x0000000018032000 nmethod 4704 0x00000000028bd950 code [0x00000000028bda80, 0x00000000028bdb18]
Event: 319.548 Thread 0x0000000018038000 4705       1       java.util.logging.LogManager::access$500 (5 bytes)
Event: 319.548 Thread 0x0000000018038000 nmethod 4705 0x000000000294de90 code [0x000000000294dfe0, 0x000000000294e0d0]
Event: 319.548 Thread 0x0000000018038000 4706   !   3       java.util.logging.LogManager::ensureLogManagerInitialized (128 bytes)
Event: 319.549 Thread 0x0000000018038000 nmethod 4706 0x0000000002dc1ed0 code [0x0000000002dc2080, 0x0000000002dc2708]

GC Heap History (10 events):
Event: 7.274 GC heap before
{Heap before GC invocations=3 (full 1):
 PSYoungGen      total 27648K, used 3579K [0x00000000e1a00000, 0x00000000e3880000, 0x0000000100000000)
  eden space 24064K, 0% used [0x00000000e1a00000,0x00000000e1a00000,0x00000000e3180000)
  from space 3584K, 99% used [0x00000000e3500000,0x00000000e387ed38,0x00000000e3880000)
  to   space 3584K, 0% used [0x00000000e3180000,0x00000000e3180000,0x00000000e3500000)
 ParOldGen       total 62976K, used 7539K [0x00000000a4e00000, 0x00000000a8b80000, 0x00000000e1a00000)
  object space 62976K, 11% used [0x00000000a4e00000,0x00000000a555cf20,0x00000000a8b80000)
 Metaspace       used 18996K, capacity 20014K, committed 20224K, reserved 1067008K
  class space    used 2800K, capacity 3010K, committed 3072K, reserved 1048576K
Event: 7.342 GC heap after
Heap after GC invocations=3 (full 1):
 PSYoungGen      total 27648K, used 0K [0x00000000e1a00000, 0x00000000e3880000, 0x0000000100000000)
  eden space 24064K, 0% used [0x00000000e1a00000,0x00000000e1a00000,0x00000000e3180000)
  from space 3584K, 0% used [0x00000000e3500000,0x00000000e3500000,0x00000000e3880000)
  to   space 3584K, 0% used [0x00000000e3180000,0x00000000e3180000,0x00000000e3500000)
 ParOldGen       total 62976K, used 8788K [0x00000000a4e00000, 0x00000000a8b80000, 0x00000000e1a00000)
  object space 62976K, 13% used [0x00000000a4e00000,0x00000000a56950a0,0x00000000a8b80000)
 Metaspace       used 18994K, capacity 20012K, committed 20224K, reserved 1067008K
  class space    used 2800K, capacity 3009K, committed 3072K, reserved 1048576K
}
Event: 7.985 GC heap before
{Heap before GC invocations=4 (full 1):
 PSYoungGen      total 27648K, used 24064K [0x00000000e1a00000, 0x00000000e3880000, 0x0000000100000000)
  eden space 24064K, 100% used [0x00000000e1a00000,0x00000000e3180000,0x00000000e3180000)
  from space 3584K, 0% used [0x00000000e3500000,0x00000000e3500000,0x00000000e3880000)
  to   space 3584K, 0% used [0x00000000e3180000,0x00000000e3180000,0x00000000e3500000)
 ParOldGen       total 62976K, used 8788K [0x00000000a4e00000, 0x00000000a8b80000, 0x00000000e1a00000)
  object space 62976K, 13% used [0x00000000a4e00000,0x00000000a56950a0,0x00000000a8b80000)
 Metaspace       used 20451K, capacity 21660K, committed 22016K, reserved 1069056K
  class space    used 3014K, capacity 3223K, committed 3328K, reserved 1048576K
Event: 7.986 GC heap after
Heap after GC invocations=4 (full 1):
 PSYoungGen      total 27648K, used 1152K [0x00000000e1a00000, 0x00000000e3880000, 0x0000000100000000)
  eden space 24064K, 0% used [0x00000000e1a00000,0x00000000e1a00000,0x00000000e3180000)
  from space 3584K, 32% used [0x00000000e3180000,0x00000000e32a0000,0x00000000e3500000)
  to   space 3584K, 0% used [0x00000000e3500000,0x00000000e3500000,0x00000000e3880000)
 ParOldGen       total 62976K, used 8796K [0x00000000a4e00000, 0x00000000a8b80000, 0x00000000e1a00000)
  object space 62976K, 13% used [0x00000000a4e00000,0x00000000a56970a0,0x00000000a8b80000)
 Metaspace       used 20451K, capacity 21660K, committed 22016K, reserved 1069056K
  class space    used 3014K, capacity 3223K, committed 3328K, reserved 1048576K
}
Event: 8.211 GC heap before
{Heap before GC invocations=5 (full 1):
 PSYoungGen      total 27648K, used 25216K [0x00000000e1a00000, 0x00000000e3880000, 0x0000000100000000)
  eden space 24064K, 100% used [0x00000000e1a00000,0x00000000e3180000,0x00000000e3180000)
  from space 3584K, 32% used [0x00000000e3180000,0x00000000e32a0000,0x00000000e3500000)
  to   space 3584K, 0% used [0x00000000e3500000,0x00000000e3500000,0x00000000e3880000)
 ParOldGen       total 62976K, used 8796K [0x00000000a4e00000, 0x00000000a8b80000, 0x00000000e1a00000)
  object space 62976K, 13% used [0x00000000a4e00000,0x00000000a56970a0,0x00000000a8b80000)
 Metaspace       used 22062K, capacity 23298K, committed 23552K, reserved 1069056K
  class space    used 3287K, capacity 3522K, committed 3584K, reserved 1048576K
Event: 8.213 GC heap after
Heap after GC invocations=5 (full 1):
 PSYoungGen      total 27648K, used 2272K [0x00000000e1a00000, 0x00000000e3880000, 0x0000000100000000)
  eden space 24064K, 0% used [0x00000000e1a00000,0x00000000e1a00000,0x00000000e3180000)
  from space 3584K, 63% used [0x00000000e3500000,0x00000000e3738000,0x00000000e3880000)
  to   space 3584K, 0% used [0x00000000e3180000,0x00000000e3180000,0x00000000e3500000)
 ParOldGen       total 62976K, used 8804K [0x00000000a4e00000, 0x00000000a8b80000, 0x00000000e1a00000)
  object space 62976K, 13% used [0x00000000a4e00000,0x00000000a56990a0,0x00000000a8b80000)
 Metaspace       used 22062K, capacity 23298K, committed 23552K, reserved 1069056K
  class space    used 3287K, capacity 3522K, committed 3584K, reserved 1048576K
}
Event: 13.182 GC heap before
{Heap before GC invocations=6 (full 1):
 PSYoungGen      total 27648K, used 26336K [0x00000000e1a00000, 0x00000000e3880000, 0x0000000100000000)
  eden space 24064K, 100% used [0x00000000e1a00000,0x00000000e3180000,0x00000000e3180000)
  from space 3584K, 63% used [0x00000000e3500000,0x00000000e3738000,0x00000000e3880000)
  to   space 3584K, 0% used [0x00000000e3180000,0x00000000e3180000,0x00000000e3500000)
 ParOldGen       total 62976K, used 8804K [0x00000000a4e00000, 0x00000000a8b80000, 0x00000000e1a00000)
  object space 62976K, 13% used [0x00000000a4e00000,0x00000000a56990a0,0x00000000a8b80000)
 Metaspace       used 23418K, capacity 24896K, committed 24960K, reserved 1071104K
  class space    used 3451K, capacity 3705K, committed 3712K, reserved 1048576K
Event: 13.189 GC heap after
Heap after GC invocations=6 (full 1):
 PSYoungGen      total 27648K, used 3580K [0x00000000e1a00000, 0x00000000e3880000, 0x0000000100000000)
  eden space 24064K, 0% used [0x00000000e1a00000,0x00000000e1a00000,0x00000000e3180000)
  from space 3584K, 99% used [0x00000000e3180000,0x00000000e34ff228,0x00000000e3500000)
  to   space 3584K, 0% used [0x00000000e3500000,0x00000000e3500000,0x00000000e3880000)
 ParOldGen       total 62976K, used 15279K [0x00000000a4e00000, 0x00000000a8b80000, 0x00000000e1a00000)
  object space 62976K, 24% used [0x00000000a4e00000,0x00000000a5cebc20,0x00000000a8b80000)
 Metaspace       used 23418K, capacity 24896K, committed 24960K, reserved 1071104K
  class space    used 3451K, capacity 3705K, committed 3712K, reserved 1048576K
}
Event: 106.784 GC heap before
{Heap before GC invocations=7 (full 1):
 PSYoungGen      total 27648K, used 27644K [0x00000000e1a00000, 0x00000000e3880000, 0x0000000100000000)
  eden space 24064K, 100% used [0x00000000e1a00000,0x00000000e3180000,0x00000000e3180000)
  from space 3584K, 99% used [0x00000000e3180000,0x00000000e34ff228,0x00000000e3500000)
  to   space 3584K, 0% used [0x00000000e3500000,0x00000000e3500000,0x00000000e3880000)
 ParOldGen       total 62976K, used 15279K [0x00000000a4e00000, 0x00000000a8b80000, 0x00000000e1a00000)
  object space 62976K, 24% used [0x00000000a4e00000,0x00000000a5cebc20,0x00000000a8b80000)
 Metaspace       used 24020K, capacity 25584K, committed 25856K, reserved 1071104K
  class space    used 3473K, capacity 3777K, committed 3840K, reserved 1048576K
Event: 106.789 GC heap after
Heap after GC invocations=7 (full 1):
 PSYoungGen      total 16896K, used 3583K [0x00000000e1a00000, 0x00000000e4d00000, 0x0000000100000000)
  eden space 13312K, 0% used [0x00000000e1a00000,0x00000000e1a00000,0x00000000e2700000)
  from space 3584K, 99% used [0x00000000e3500000,0x00000000e387ff70,0x00000000e3880000)
  to   space 14336K, 0% used [0x00000000e2700000,0x00000000e2700000,0x00000000e3500000)
 ParOldGen       total 62976K, used 19875K [0x00000000a4e00000, 0x00000000a8b80000, 0x00000000e1a00000)
  object space 62976K, 31% used [0x00000000a4e00000,0x00000000a6168ed8,0x00000000a8b80000)
 Metaspace       used 24020K, capacity 25584K, committed 25856K, reserved 1071104K
  class space    used 3473K, capacity 3777K, committed 3840K, reserved 1048576K
}

Deoptimization events (10 events):
Event: 13.014 Thread 0x0000000018eb8800 Uncommon trap: reason=bimorphic action=maybe_recompile pc=0x0000000002e8b284 method=java.util.WeakHashMap.eq(Ljava/lang/Object;Ljava/lang/Object;)Z @ 7
Event: 13.045 Thread 0x0000000018eb8800 Uncommon trap: reason=unreached action=reinterpret pc=0x0000000002965c10 method=com.sun.javafx.css.SimpleSelector.stateMatches(Ljavafx/css/Styleable;Ljava/util/Set;)Z @ 1
Event: 13.503 Thread 0x0000000018eb8800 Uncommon trap: reason=class_check action=maybe_recompile pc=0x0000000002e0e40c method=javafx.scene.Node.updateLocalToParentTransform()V @ 11
Event: 13.503 Thread 0x0000000018eb8800 Uncommon trap: reason=class_check action=maybe_recompile pc=0x0000000002e0e40c method=javafx.scene.Node.updateLocalToParentTransform()V @ 11
Event: 13.503 Thread 0x0000000018eb8800 Uncommon trap: reason=class_check action=maybe_recompile pc=0x0000000002e0e40c method=javafx.scene.Node.updateLocalToParentTransform()V @ 11
Event: 13.503 Thread 0x0000000018eb8800 Uncommon trap: reason=class_check action=maybe_recompile pc=0x0000000002e0e40c method=javafx.scene.Node.updateLocalToParentTransform()V @ 11
Event: 16.977 Thread 0x0000000018eb8800 Uncommon trap: reason=unreached action=reinterpret pc=0x00000000030c06e4 method=javafx.scene.CssStyleHelper.transitionToState(Ljavafx/scene/Node;)V @ 544
Event: 17.856 Thread 0x0000000018eb8800 Uncommon trap: reason=null_check action=make_not_entrant pc=0x00000000027ab9d8 method=javafx.scene.Node$MiscProperties.getClip()Ljavafx/scene/Node; @ 20
Event: 17.856 Thread 0x0000000018eb8800 Uncommon trap: reason=null_check action=make_not_entrant pc=0x0000000002f294a8 method=javafx.scene.Node$MiscProperties.getClip()Ljavafx/scene/Node; @ 20
Event: 319.285 Thread 0x0000000018eb8800 Uncommon trap: reason=unreached action=reinterpret pc=0x0000000003250068 method=com.sun.javafx.css.StyleManager$CacheContainer.getStyleCache()Ljava/util/Map; @ 4

Internal exceptions (10 events):
Event: 319.274 Thread 0x0000000018eb8800 Exception <a 'java/security/PrivilegedActionException'> (0x00000000e2560720) thrown at [C:\workspace\8-2-build-windows-amd64-cygwin\jdk8u31\2394\hotspot\src\share\vm\prims\jvm.cpp, line 1312]
Event: 319.274 Thread 0x0000000018eb8800 Exception <a 'java/security/PrivilegedActionException'> (0x00000000e2560d08) thrown at [C:\workspace\8-2-build-windows-amd64-cygwin\jdk8u31\2394\hotspot\src\share\vm\prims\jvm.cpp, line 1312]
Event: 319.274 Thread 0x0000000018eb8800 Exception <a 'java/security/PrivilegedActionException'> (0x00000000e2563048) thrown at [C:\workspace\8-2-build-windows-amd64-cygwin\jdk8u31\2394\hotspot\src\share\vm\prims\jvm.cpp, line 1312]
Event: 319.276 Thread 0x0000000018eb8800 Exception <a 'java/security/PrivilegedActionException'> (0x00000000e25823f0) thrown at [C:\workspace\8-2-build-windows-amd64-cygwin\jdk8u31\2394\hotspot\src\share\vm\prims\jvm.cpp, line 1312]
Event: 319.276 Thread 0x0000000018eb8800 Exception <a 'java/security/PrivilegedActionException'> (0x00000000e2584888) thrown at [C:\workspace\8-2-build-windows-amd64-cygwin\jdk8u31\2394\hotspot\src\share\vm\prims\jvm.cpp, line 1312]
Event: 319.276 Thread 0x0000000018eb8800 Exception <a 'java/security/PrivilegedActionException'> (0x00000000e2584de8) thrown at [C:\workspace\8-2-build-windows-amd64-cygwin\jdk8u31\2394\hotspot\src\share\vm\prims\jvm.cpp, line 1312]
Event: 319.276 Thread 0x0000000018eb8800 Exception <a 'java/security/PrivilegedActionException'> (0x00000000e2586f60) thrown at [C:\workspace\8-2-build-windows-amd64-cygwin\jdk8u31\2394\hotspot\src\share\vm\prims\jvm.cpp, line 1312]
Event: 319.278 Thread 0x0000000018eb8800 Exception <a 'java/io/FileNotFoundException'> (0x00000000e259a7a0) thrown at [C:\workspace\8-2-build-windows-amd64-cygwin\jdk8u31\2394\hotspot\src\share\vm\prims\jni.cpp, line 716]
Event: 319.285 Thread 0x0000000018eb8800 Implicit null exception at 0x0000000003248779 to 0x0000000003250059
Event: 319.549 Thread 0x00000000210b1000 Exception <a 'java/lang/IllegalStateException'> (0x00000000e26ea640) thrown at [C:\workspace\8-2-build-windows-amd64-cygwin\jdk8u31\2394\hotspot\src\share\vm\prims\jvm.cpp, line 1316]

Events (10 events):
Event: 319.548 loading class com/sun/javafx/tk/quantum/QuantumRenderer
Event: 319.548 loading class com/sun/javafx/tk/quantum/QuantumRenderer done
Event: 319.548 Executing VM operation: RevokeBias done
Event: 319.548 Executing VM operation: RevokeBias
Event: 319.548 Executing VM operation: RevokeBias done
Event: 319.548 Thread 0x00000000210b4800 Thread exited: 0x00000000210b4800
Event: 319.549 loading class com/sun/javafx/tk/quantum/QuantumToolkit
Event: 319.549 loading class com/sun/javafx/tk/quantum/QuantumToolkit done
Event: 319.549 Thread 0x00000000210b1000 Thread exited: 0x00000000210b1000
Event: 319.549 Executing VM operation: Exit


Dynamic libraries:
0x00007ff71fd50000 - 0x00007ff71fd84000 	D:\Program Files (x86)\Java\jre\bin\javaw.exe
0x00007ffbe0080000 - 0x00007ffbe022c000 	C:\Windows\SYSTEM32\ntdll.dll
0x00007ffbdfde0000 - 0x00007ffbdff1e000 	C:\Windows\system32\KERNEL32.DLL
0x00007ffbdd5e0000 - 0x00007ffbdd6f5000 	C:\Windows\system32\KERNELBASE.dll
0x00007ffbdbd70000 - 0x00007ffbdbdfe000 	C:\Windows\system32\apphelp.dll
0x00007ffbcb0b0000 - 0x00007ffbcb103000 	C:\Windows\AppPatch\AppPatch64\AcGenral.DLL
0x00007ffbdfd30000 - 0x00007ffbdfdda000 	C:\Windows\system32\msvcrt.dll
0x00007ffbdd070000 - 0x00007ffbdd09e000 	C:\Windows\SYSTEM32\SspiCli.dll
0x00007ffbdfcd0000 - 0x00007ffbdfd24000 	C:\Windows\system32\SHLWAPI.dll
0x00007ffbddc10000 - 0x00007ffbddd87000 	C:\Windows\system32\USER32.dll
0x00007ffbde5f0000 - 0x00007ffbde784000 	C:\Windows\system32\ole32.dll
0x00007ffbde790000 - 0x00007ffbdfcbb000 	C:\Windows\system32\SHELL32.dll
0x00007ffbdc7f0000 - 0x00007ffbdc811000 	C:\Windows\SYSTEM32\USERENV.dll
0x00007ffbde390000 - 0x00007ffbde43a000 	C:\Windows\system32\ADVAPI32.dll
0x00007ffbcf190000 - 0x00007ffbcf1ae000 	C:\Windows\SYSTEM32\MPR.dll
0x00007ffbde440000 - 0x00007ffbde581000 	C:\Windows\system32\RPCRT4.dll
0x00007ffbdd710000 - 0x00007ffbdd769000 	C:\Windows\SYSTEM32\sechost.dll
0x00007ffbdd840000 - 0x00007ffbdda51000 	C:\Windows\SYSTEM32\combase.dll
0x00007ffbde1c0000 - 0x00007ffbde30f000 	C:\Windows\system32\GDI32.dll
0x00007ffbdd1d0000 - 0x00007ffbdd1e5000 	C:\Windows\SYSTEM32\profapi.dll
0x00007ffbdb720000 - 0x00007ffbdb7d2000 	C:\Windows\SYSTEM32\SHCORE.dll
0x00007ffbddd90000 - 0x00007ffbdddc6000 	C:\Windows\system32\IMM32.DLL
0x00007ffbdff20000 - 0x00007ffbe0072000 	C:\Windows\system32\MSCTF.dll
0x00007ffbdb2a0000 - 0x00007ffbdb51b000 	C:\Windows\WinSxS\amd64_microsoft.windows.common-controls_6595b64144ccf1df_6.0.9600.18006_none_623f33d3ecbe86e8\COMCTL32.dll
0x00000000690f0000 - 0x00000000691c2000 	D:\Program Files (x86)\Java\jre\bin\msvcr100.dll
0x0000000069270000 - 0x0000000069aca000 	D:\Program Files (x86)\Java\jre\bin\server\jvm.dll
0x00007ffbd78d0000 - 0x00007ffbd78d9000 	C:\Windows\SYSTEM32\WSOCK32.dll
0x00007ffbdac40000 - 0x00007ffbdac62000 	C:\Windows\SYSTEM32\WINMM.dll
0x00007ffbdda60000 - 0x00007ffbdda67000 	C:\Windows\system32\PSAPI.DLL
0x00007ffbdddd0000 - 0x00007ffbdde2a000 	C:\Windows\system32\WS2_32.dll
0x00007ffbda500000 - 0x00007ffbda52a000 	C:\Windows\SYSTEM32\WINMMBASE.dll
0x00007ffbdfcc0000 - 0x00007ffbdfcc9000 	C:\Windows\system32\NSI.dll
0x00007ffbdd590000 - 0x00007ffbdd5df000 	C:\Windows\SYSTEM32\cfgmgr32.dll
0x00007ffbdbfc0000 - 0x00007ffbdbfe8000 	C:\Windows\SYSTEM32\DEVOBJ.dll
0x0000000069260000 - 0x000000006926f000 	D:\Program Files (x86)\Java\jre\bin\verify.dll
0x0000000069230000 - 0x0000000069258000 	D:\Program Files (x86)\Java\jre\bin\java.dll
0x0000000069210000 - 0x0000000069226000 	D:\Program Files (x86)\Java\jre\bin\zip.dll
0x00000000690c0000 - 0x00000000690ec000 	D:\Program Files (x86)\Java\jre\bin\prism_d3d.dll
0x00007ffbc44b0000 - 0x00007ffbc46d1000 	C:\Windows\system32\d3d9.dll
0x00007ffbdac70000 - 0x00007ffbdac7a000 	C:\Windows\SYSTEM32\VERSION.dll
0x00007ffbdb520000 - 0x00007ffbdb541000 	C:\Windows\SYSTEM32\dwmapi.dll
0x00007ffbdbe40000 - 0x00007ffbdbf69000 	C:\Windows\system32\uxtheme.dll
0x0000000069070000 - 0x00000000690b2000 	D:\Program Files (x86)\Java\jre\bin\glass.dll
0x00007ffbdda90000 - 0x00007ffbddb46000 	C:\Windows\system32\COMDLG32.dll
0x00007ffbdd770000 - 0x00007ffbdd831000 	C:\Windows\system32\OLEAUT32.dll
0x00007ffbc7e20000 - 0x00007ffbc7e86000 	D:\Program Files (x86)\ADSafe\adsNet64.dll
0x00007ffbdc010000 - 0x00007ffbdc01b000 	C:\Windows\SYSTEM32\kernel.appcore.dll
0x00007ffbdd110000 - 0x00007ffbdd11b000 	C:\Windows\SYSTEM32\CRYPTBASE.dll
0x00007ffbdd0a0000 - 0x00007ffbdd103000 	C:\Windows\SYSTEM32\bcryptPrimitives.dll
0x0000000069050000 - 0x0000000069065000 	D:\Program Files (x86)\Java\jre\bin\javafx_font.dll
0x00007ffbd7c80000 - 0x00007ffbd7e6c000 	C:\Windows\SYSTEM32\dwrite.dll
0x00007ffbddb50000 - 0x00007ffbddc06000 	C:\Windows\SYSTEM32\clbcatq.dll
0x00007ffbdaed0000 - 0x00007ffbdb07e000 	C:\Windows\SYSTEM32\WindowsCodecs.dll
0x00007ffbdcb10000 - 0x00007ffbdcb30000 	C:\Windows\SYSTEM32\CRYPTSP.dll
0x00007ffbdc6e0000 - 0x00007ffbdc716000 	C:\Windows\system32\rsaenh.dll
0x00007ffbdcd60000 - 0x00007ffbdcd86000 	C:\Windows\SYSTEM32\bcrypt.dll
0x00007ffbcafc0000 - 0x00007ffbcafee000 	C:\Program Files\Common Files\Microsoft Shared\Ink\rtscom.dll
0x0000000069030000 - 0x0000000069041000 	D:\Program Files (x86)\Java\jre\bin\prism_common.dll
0x00000000691f0000 - 0x000000006920a000 	D:\Program Files (x86)\Java\jre\bin\net.dll
0x00007ffbdcab0000 - 0x00007ffbdcb09000 	C:\Windows\system32\mswsock.dll
0x00007ffbd7140000 - 0x00007ffbd716a000 	C:\Windows\SYSTEM32\IPHLPAPI.DLL
0x00007ffbd7130000 - 0x00007ffbd713a000 	C:\Windows\SYSTEM32\WINNSI.DLL
0x00007ffbd5500000 - 0x00007ffbd5516000 	C:\Windows\SYSTEM32\dhcpcsvc6.DLL
0x00007ffbd55e0000 - 0x00007ffbd55fa000 	C:\Windows\SYSTEM32\dhcpcsvc.DLL
0x00000000691d0000 - 0x00000000691e1000 	D:\Program Files (x86)\Java\jre\bin\nio.dll
0x00007ffbc8100000 - 0x00007ffbc8115000 	C:\Windows\system32\napinsp.dll
0x00007ffbc8120000 - 0x00007ffbc813a000 	C:\Windows\system32\pnrpnsp.dll
0x00007ffbda240000 - 0x00007ffbda25b000 	C:\Windows\system32\NLAapi.dll
0x00007ffbdc8b0000 - 0x00007ffbdc954000 	C:\Windows\SYSTEM32\DNSAPI.dll
0x00007ffbd7920000 - 0x00007ffbd792d000 	C:\Windows\System32\winrnr.dll
0x00007ffbc6440000 - 0x00007ffbc6454000 	C:\Windows\system32\wshbth.dll
0x00007ffbcfa80000 - 0x00007ffbcfa8a000 	C:\Windows\System32\rasadhlp.dll
0x00007ffbd5600000 - 0x00007ffbd566b000 	C:\Windows\System32\fwpuclnt.dll
0x00007ffbb8d50000 - 0x00007ffbb8ed9000 	C:\Windows\SYSTEM32\dbghelp.dll

VM Arguments:
jvm_args: -Dfile.encoding=UTF-8 
java_command: main.Main
java_class_path (initial): C:\Users\JiachenWang\Documents\GitHub\WjcIsADag\project\DeliverySystem\Client\target\classes;C:\Users\JiachenWang\Documents\GitHub\WjcIsADag\project\DeliverySystem\Connection\target\classes;C:\Users\JiachenWang\.m2\repository\org\apache\poi\poi-ooxml\3.13\poi-ooxml-3.13.jar;C:\Users\JiachenWang\.m2\repository\org\apache\poi\poi\3.13\poi-3.13.jar;C:\Users\JiachenWang\.m2\repository\commons-codec\commons-codec\1.9\commons-codec-1.9.jar;C:\Users\JiachenWang\.m2\repository\org\apache\poi\poi-ooxml-schemas\3.13\poi-ooxml-schemas-3.13.jar;C:\Users\JiachenWang\.m2\repository\org\apache\xmlbeans\xmlbeans\2.6.0\xmlbeans-2.6.0.jar;C:\Users\JiachenWang\.m2\repository\stax\stax-api\1.0.1\stax-api-1.0.1.jar
Launcher Type: SUN_STANDARD

Environment Variables:
JAVA_HOME=D:\Program Files (x86)\Java\jdk1.8.0_31
CLASSPATH=.;D:\Program Files (x86)\Java\jdk1.8.0_31\lib
PATH=D:/Program Files (x86)/Java/jre/bin/server;D:/Program Files (x86)/Java/jre/bin;D:/Program Files (x86)/Java/jre/lib/amd64;C:\ProgramData\Oracle\Java\javapath;C:\Windows\system32;C:\Windows;C:\Windows\System32\Wbem;C:\Windows\System32\WindowsPowerShell\v1.0\;C:\Program Files\Microsoft SQL Server\110\Tools\Binn\;C:\Program Files\Intel\Intel(R) Management Engine Components\DAL;C:\Program Files (x86)\Intel\Intel(R) Management Engine Components\DAL;C:\Program Files\Intel\Intel(R) Management Engine Components\IPT;C:\Program Files (x86)\Intel\Intel(R) Management Engine Components\IPT;D:\MinGW\bin;C:\Program Files (x86)\MySQL\MySQL Server 5.6\bin;D:\Program Files (x86)\Java\jdk1.8.0_31\bin;D:\apache-maven-3.3.3\bin;;D:\eclipse-SDK-4.5.1-win32-x86_64-distro-2.1.0\eclipse;
USERNAME=JiachenWang
OS=Windows_NT
PROCESSOR_IDENTIFIER=Intel64 Family 6 Model 60 Stepping 3, GenuineIntel



---------------  S Y S T E M  ---------------

OS: Windows 8.1 , 64 bit Build 9600 

CPU:total 8 (4 cores per cpu, 2 threads per core) family 6 model 60 stepping 3, cmov, cx8, fxsr, mmx, sse, sse2, sse3, ssse3, sse4.1, sse4.2, popcnt, avx, avx2, aes, clmul, erms, lzcnt, ht, tsc, tscinvbit, bmi1, bmi2

Memory: 4k page, physical 5968804k(2549688k free), swap 10687396k(5638512k free)

vm_info: Java HotSpot(TM) 64-Bit Server VM (25.31-b07) for windows-amd64 JRE (1.8.0_31-b13), built on Dec 17 2014 21:00:28 by "java_re" with MS VC++ 10.0 (VS2010)

time: Sun Jan 03 18:49:11 2016
elapsed time: 320 seconds (0d 0h 5m 20s)

